<?xml version="1.0" encoding="UTF-8"?>
<!-- Generated by org.testng.reporters.JUnitReportReporter -->
<testsuite hostname="Jayadeep" failures="0" tests="1" name="runner.testrunner" time="17.932" errors="0" timestamp="2023-12-12T11:09:03 IST" skipped="0">
  <testcase classname="runner.testrunner" name="runScenario" time="17.932"/>
  <system-out/>
</testsuite> <!-- runner.testrunner -->
